2024-10-17 12:46:17,779 [Worker-11: Loading available Gradle versions] INFO  o.e.b.c.i.u.g.PublishedGradleVersions - Gradle version information cache is up-to-date. Trying to read.
2024-10-17 12:51:01,889 [Worker-1: Launching mavenrun-0015e3f4-2248-4cdd-b9d3-6661c36b2202] INFO  o.eclipse.m2e.core.internal.Bundles - getClasspathEntries(Bundle=org.eclipse.m2e.maven.runtime_3.9.900.20240824-1409 [641])
2024-10-17 12:51:01,937 [Worker-1: Launching mavenrun-0015e3f4-2248-4cdd-b9d3-6661c36b2202] INFO  o.eclipse.m2e.core.internal.Bundles - 	Entry: /Applications/Eclipse.app/Contents/Eclipse/plugins/org.eclipse.m2e.maven.runtime_3.9.900.20240824-1409
2024-10-17 12:51:01,939 [Worker-1: Launching mavenrun-0015e3f4-2248-4cdd-b9d3-6661c36b2202] INFO  o.eclipse.m2e.core.internal.Bundles - 	Entry: /Applications/Eclipse.app/Contents/Eclipse/plugins/org.eclipse.m2e.maven.runtime_3.9.900.20240824-1409/jars/aopalliance-1.0.jar
2024-10-17 12:51:01,940 [Worker-1: Launching mavenrun-0015e3f4-2248-4cdd-b9d3-6661c36b2202] INFO  o.eclipse.m2e.core.internal.Bundles - 	Entry: /Applications/Eclipse.app/Contents/Eclipse/plugins/org.eclipse.m2e.maven.runtime_3.9.900.20240824-1409/jars/guice-5.1.0.jar
2024-10-17 12:51:01,940 [Worker-1: Launching mavenrun-0015e3f4-2248-4cdd-b9d3-6661c36b2202] INFO  o.eclipse.m2e.core.internal.Bundles - 	Entry: /Applications/Eclipse.app/Contents/Eclipse/plugins/org.eclipse.m2e.maven.runtime_3.9.900.20240824-1409/jars/httpclient-4.5.14.jar
2024-10-17 12:51:01,940 [Worker-1: Launching mavenrun-0015e3f4-2248-4cdd-b9d3-6661c36b2202] INFO  o.eclipse.m2e.core.internal.Bundles - 	Entry: /Applications/Eclipse.app/Contents/Eclipse/plugins/org.eclipse.m2e.maven.runtime_3.9.900.20240824-1409/jars/httpcore-4.4.16.jar
2024-10-17 12:51:01,940 [Worker-1: Launching mavenrun-0015e3f4-2248-4cdd-b9d3-6661c36b2202] INFO  o.eclipse.m2e.core.internal.Bundles - 	Entry: /Applications/Eclipse.app/Contents/Eclipse/plugins/org.eclipse.m2e.maven.runtime_3.9.900.20240824-1409/jars/jansi-2.4.1.jar
2024-10-17 12:51:01,940 [Worker-1: Launching mavenrun-0015e3f4-2248-4cdd-b9d3-6661c36b2202] INFO  o.eclipse.m2e.core.internal.Bundles - 	Entry: /Applications/Eclipse.app/Contents/Eclipse/plugins/org.eclipse.m2e.maven.runtime_3.9.900.20240824-1409/jars/jcl-over-slf4j-1.7.36.jar
2024-10-17 12:51:01,940 [Worker-1: Launching mavenrun-0015e3f4-2248-4cdd-b9d3-6661c36b2202] INFO  o.eclipse.m2e.core.internal.Bundles - 	Entry: /Applications/Eclipse.app/Contents/Eclipse/plugins/org.eclipse.m2e.maven.runtime_3.9.900.20240824-1409/jars/maven-artifact-3.9.9.jar
2024-10-17 12:51:01,940 [Worker-1: Launching mavenrun-0015e3f4-2248-4cdd-b9d3-6661c36b2202] INFO  o.eclipse.m2e.core.internal.Bundles - 	Entry: /Applications/Eclipse.app/Contents/Eclipse/plugins/org.eclipse.m2e.maven.runtime_3.9.900.20240824-1409/jars/maven-builder-support-3.9.9.jar
2024-10-17 12:51:01,940 [Worker-1: Launching mavenrun-0015e3f4-2248-4cdd-b9d3-6661c36b2202] INFO  o.eclipse.m2e.core.internal.Bundles - 	Entry: /Applications/Eclipse.app/Contents/Eclipse/plugins/org.eclipse.m2e.maven.runtime_3.9.900.20240824-1409/jars/maven-compat-3.9.9.jar
2024-10-17 12:51:01,940 [Worker-1: Launching mavenrun-0015e3f4-2248-4cdd-b9d3-6661c36b2202] INFO  o.eclipse.m2e.core.internal.Bundles - 	Entry: /Applications/Eclipse.app/Contents/Eclipse/plugins/org.eclipse.m2e.maven.runtime_3.9.900.20240824-1409/jars/maven-core-3.9.9.jar
2024-10-17 12:51:01,940 [Worker-1: Launching mavenrun-0015e3f4-2248-4cdd-b9d3-6661c36b2202] INFO  o.eclipse.m2e.core.internal.Bundles - 	Entry: /Applications/Eclipse.app/Contents/Eclipse/plugins/org.eclipse.m2e.maven.runtime_3.9.900.20240824-1409/jars/maven-embedder-3.9.9.jar
2024-10-17 12:51:01,940 [Worker-1: Launching mavenrun-0015e3f4-2248-4cdd-b9d3-6661c36b2202] INFO  o.eclipse.m2e.core.internal.Bundles - 	Entry: /Applications/Eclipse.app/Contents/Eclipse/plugins/org.eclipse.m2e.maven.runtime_3.9.900.20240824-1409/jars/maven-model-3.9.9.jar
2024-10-17 12:51:01,940 [Worker-1: Launching mavenrun-0015e3f4-2248-4cdd-b9d3-6661c36b2202] INFO  o.eclipse.m2e.core.internal.Bundles - 	Entry: /Applications/Eclipse.app/Contents/Eclipse/plugins/org.eclipse.m2e.maven.runtime_3.9.900.20240824-1409/jars/maven-model-builder-3.9.9.jar
2024-10-17 12:51:01,940 [Worker-1: Launching mavenrun-0015e3f4-2248-4cdd-b9d3-6661c36b2202] INFO  o.eclipse.m2e.core.internal.Bundles - 	Entry: /Applications/Eclipse.app/Contents/Eclipse/plugins/org.eclipse.m2e.maven.runtime_3.9.900.20240824-1409/jars/maven-plugin-api-3.9.9.jar
2024-10-17 12:51:01,940 [Worker-1: Launching mavenrun-0015e3f4-2248-4cdd-b9d3-6661c36b2202] INFO  o.eclipse.m2e.core.internal.Bundles - 	Entry: /Applications/Eclipse.app/Contents/Eclipse/plugins/org.eclipse.m2e.maven.runtime_3.9.900.20240824-1409/jars/maven-repository-metadata-3.9.9.jar
2024-10-17 12:51:01,940 [Worker-1: Launching mavenrun-0015e3f4-2248-4cdd-b9d3-6661c36b2202] INFO  o.eclipse.m2e.core.internal.Bundles - 	Entry: /Applications/Eclipse.app/Contents/Eclipse/plugins/org.eclipse.m2e.maven.runtime_3.9.900.20240824-1409/jars/maven-resolver-api-1.9.22.jar
2024-10-17 12:51:01,941 [Worker-1: Launching mavenrun-0015e3f4-2248-4cdd-b9d3-6661c36b2202] INFO  o.eclipse.m2e.core.internal.Bundles - 	Entry: /Applications/Eclipse.app/Contents/Eclipse/plugins/org.eclipse.m2e.maven.runtime_3.9.900.20240824-1409/jars/maven-resolver-connector-basic-1.9.22.jar
2024-10-17 12:51:01,941 [Worker-1: Launching mavenrun-0015e3f4-2248-4cdd-b9d3-6661c36b2202] INFO  o.eclipse.m2e.core.internal.Bundles - 	Entry: /Applications/Eclipse.app/Contents/Eclipse/plugins/org.eclipse.m2e.maven.runtime_3.9.900.20240824-1409/jars/maven-resolver-impl-1.9.22.jar
2024-10-17 12:51:01,941 [Worker-1: Launching mavenrun-0015e3f4-2248-4cdd-b9d3-6661c36b2202] INFO  o.eclipse.m2e.core.internal.Bundles - 	Entry: /Applications/Eclipse.app/Contents/Eclipse/plugins/org.eclipse.m2e.maven.runtime_3.9.900.20240824-1409/jars/maven-resolver-named-locks-1.9.22.jar
2024-10-17 12:51:01,941 [Worker-1: Launching mavenrun-0015e3f4-2248-4cdd-b9d3-6661c36b2202] INFO  o.eclipse.m2e.core.internal.Bundles - 	Entry: /Applications/Eclipse.app/Contents/Eclipse/plugins/org.eclipse.m2e.maven.runtime_3.9.900.20240824-1409/jars/maven-resolver-provider-3.9.9.jar
2024-10-17 12:51:01,941 [Worker-1: Launching mavenrun-0015e3f4-2248-4cdd-b9d3-6661c36b2202] INFO  o.eclipse.m2e.core.internal.Bundles - 	Entry: /Applications/Eclipse.app/Contents/Eclipse/plugins/org.eclipse.m2e.maven.runtime_3.9.900.20240824-1409/jars/maven-resolver-spi-1.9.22.jar
2024-10-17 12:51:01,941 [Worker-1: Launching mavenrun-0015e3f4-2248-4cdd-b9d3-6661c36b2202] INFO  o.eclipse.m2e.core.internal.Bundles - 	Entry: /Applications/Eclipse.app/Contents/Eclipse/plugins/org.eclipse.m2e.maven.runtime_3.9.900.20240824-1409/jars/maven-resolver-transport-file-1.9.22.jar
2024-10-17 12:51:01,941 [Worker-1: Launching mavenrun-0015e3f4-2248-4cdd-b9d3-6661c36b2202] INFO  o.eclipse.m2e.core.internal.Bundles - 	Entry: /Applications/Eclipse.app/Contents/Eclipse/plugins/org.eclipse.m2e.maven.runtime_3.9.900.20240824-1409/jars/maven-resolver-transport-http-1.9.22.jar
2024-10-17 12:51:01,941 [Worker-1: Launching mavenrun-0015e3f4-2248-4cdd-b9d3-6661c36b2202] INFO  o.eclipse.m2e.core.internal.Bundles - 	Entry: /Applications/Eclipse.app/Contents/Eclipse/plugins/org.eclipse.m2e.maven.runtime_3.9.900.20240824-1409/jars/maven-resolver-transport-wagon-1.9.22.jar
2024-10-17 12:51:01,941 [Worker-1: Launching mavenrun-0015e3f4-2248-4cdd-b9d3-6661c36b2202] INFO  o.eclipse.m2e.core.internal.Bundles - 	Entry: /Applications/Eclipse.app/Contents/Eclipse/plugins/org.eclipse.m2e.maven.runtime_3.9.900.20240824-1409/jars/maven-resolver-util-1.9.22.jar
2024-10-17 12:51:01,941 [Worker-1: Launching mavenrun-0015e3f4-2248-4cdd-b9d3-6661c36b2202] INFO  o.eclipse.m2e.core.internal.Bundles - 	Entry: /Applications/Eclipse.app/Contents/Eclipse/plugins/org.eclipse.m2e.maven.runtime_3.9.900.20240824-1409/jars/maven-settings-3.9.9.jar
2024-10-17 12:51:01,941 [Worker-1: Launching mavenrun-0015e3f4-2248-4cdd-b9d3-6661c36b2202] INFO  o.eclipse.m2e.core.internal.Bundles - 	Entry: /Applications/Eclipse.app/Contents/Eclipse/plugins/org.eclipse.m2e.maven.runtime_3.9.900.20240824-1409/jars/maven-settings-builder-3.9.9.jar
2024-10-17 12:51:01,941 [Worker-1: Launching mavenrun-0015e3f4-2248-4cdd-b9d3-6661c36b2202] INFO  o.eclipse.m2e.core.internal.Bundles - 	Entry: /Applications/Eclipse.app/Contents/Eclipse/plugins/org.eclipse.m2e.maven.runtime_3.9.900.20240824-1409/jars/maven-shared-utils-3.4.2.jar
2024-10-17 12:51:01,941 [Worker-1: Launching mavenrun-0015e3f4-2248-4cdd-b9d3-6661c36b2202] INFO  o.eclipse.m2e.core.internal.Bundles - 	Entry: /Applications/Eclipse.app/Contents/Eclipse/plugins/org.eclipse.m2e.maven.runtime_3.9.900.20240824-1409/jars/org.eclipse.sisu.inject-0.9.0.M3.jar
2024-10-17 12:51:01,941 [Worker-1: Launching mavenrun-0015e3f4-2248-4cdd-b9d3-6661c36b2202] INFO  o.eclipse.m2e.core.internal.Bundles - 	Entry: /Applications/Eclipse.app/Contents/Eclipse/plugins/org.eclipse.m2e.maven.runtime_3.9.900.20240824-1409/jars/org.eclipse.sisu.plexus-0.9.0.M3.jar
2024-10-17 12:51:01,941 [Worker-1: Launching mavenrun-0015e3f4-2248-4cdd-b9d3-6661c36b2202] INFO  o.eclipse.m2e.core.internal.Bundles - 	Entry: /Applications/Eclipse.app/Contents/Eclipse/plugins/org.eclipse.m2e.maven.runtime_3.9.900.20240824-1409/jars/plexus-build-api-0.0.7.jar
2024-10-17 12:51:01,941 [Worker-1: Launching mavenrun-0015e3f4-2248-4cdd-b9d3-6661c36b2202] INFO  o.eclipse.m2e.core.internal.Bundles - 	Entry: /Applications/Eclipse.app/Contents/Eclipse/plugins/org.eclipse.m2e.maven.runtime_3.9.900.20240824-1409/jars/plexus-build-api-1.2.0.jar
2024-10-17 12:51:01,941 [Worker-1: Launching mavenrun-0015e3f4-2248-4cdd-b9d3-6661c36b2202] INFO  o.eclipse.m2e.core.internal.Bundles - 	Entry: /Applications/Eclipse.app/Contents/Eclipse/plugins/org.eclipse.m2e.maven.runtime_3.9.900.20240824-1409/jars/plexus-cipher-2.0.jar
2024-10-17 12:51:01,941 [Worker-1: Launching mavenrun-0015e3f4-2248-4cdd-b9d3-6661c36b2202] INFO  o.eclipse.m2e.core.internal.Bundles - 	Entry: /Applications/Eclipse.app/Contents/Eclipse/plugins/org.eclipse.m2e.maven.runtime_3.9.900.20240824-1409/jars/plexus-classworlds-2.8.0.jar
2024-10-17 12:51:01,942 [Worker-1: Launching mavenrun-0015e3f4-2248-4cdd-b9d3-6661c36b2202] INFO  o.eclipse.m2e.core.internal.Bundles - 	Entry: /Applications/Eclipse.app/Contents/Eclipse/plugins/org.eclipse.m2e.maven.runtime_3.9.900.20240824-1409/jars/plexus-component-annotations-2.1.0.jar
2024-10-17 12:51:01,942 [Worker-1: Launching mavenrun-0015e3f4-2248-4cdd-b9d3-6661c36b2202] INFO  o.eclipse.m2e.core.internal.Bundles - 	Entry: /Applications/Eclipse.app/Contents/Eclipse/plugins/org.eclipse.m2e.maven.runtime_3.9.900.20240824-1409/jars/plexus-interpolation-1.27.jar
2024-10-17 12:51:01,942 [Worker-1: Launching mavenrun-0015e3f4-2248-4cdd-b9d3-6661c36b2202] INFO  o.eclipse.m2e.core.internal.Bundles - 	Entry: /Applications/Eclipse.app/Contents/Eclipse/plugins/org.eclipse.m2e.maven.runtime_3.9.900.20240824-1409/jars/plexus-sec-dispatcher-2.0.jar
2024-10-17 12:51:01,942 [Worker-1: Launching mavenrun-0015e3f4-2248-4cdd-b9d3-6661c36b2202] INFO  o.eclipse.m2e.core.internal.Bundles - 	Entry: /Applications/Eclipse.app/Contents/Eclipse/plugins/org.eclipse.m2e.maven.runtime_3.9.900.20240824-1409/jars/plexus-utils-3.5.1.jar
2024-10-17 12:51:01,942 [Worker-1: Launching mavenrun-0015e3f4-2248-4cdd-b9d3-6661c36b2202] INFO  o.eclipse.m2e.core.internal.Bundles - 	Entry: /Applications/Eclipse.app/Contents/Eclipse/plugins/org.eclipse.m2e.maven.runtime_3.9.900.20240824-1409/jars/plexus-xml-3.0.1.jar
2024-10-17 12:51:01,942 [Worker-1: Launching mavenrun-0015e3f4-2248-4cdd-b9d3-6661c36b2202] INFO  o.eclipse.m2e.core.internal.Bundles - 	Entry: /Applications/Eclipse.app/Contents/Eclipse/plugins/org.eclipse.m2e.maven.runtime_3.9.900.20240824-1409/jars/wagon-file-3.5.3.jar
2024-10-17 12:51:01,942 [Worker-1: Launching mavenrun-0015e3f4-2248-4cdd-b9d3-6661c36b2202] INFO  o.eclipse.m2e.core.internal.Bundles - 	Entry: /Applications/Eclipse.app/Contents/Eclipse/plugins/org.eclipse.m2e.maven.runtime_3.9.900.20240824-1409/jars/wagon-http-3.5.3.jar
2024-10-17 12:51:01,942 [Worker-1: Launching mavenrun-0015e3f4-2248-4cdd-b9d3-6661c36b2202] INFO  o.eclipse.m2e.core.internal.Bundles - 	Entry: /Applications/Eclipse.app/Contents/Eclipse/plugins/org.eclipse.m2e.maven.runtime_3.9.900.20240824-1409/jars/wagon-http-shared-3.5.3.jar
2024-10-17 12:51:01,942 [Worker-1: Launching mavenrun-0015e3f4-2248-4cdd-b9d3-6661c36b2202] INFO  o.eclipse.m2e.core.internal.Bundles - 	Entry: /Applications/Eclipse.app/Contents/Eclipse/plugins/org.eclipse.m2e.maven.runtime_3.9.900.20240824-1409/jars/wagon-provider-api-3.5.3.jar
2024-10-17 12:51:01,954 [Worker-1: Launching mavenrun-0015e3f4-2248-4cdd-b9d3-6661c36b2202] INFO  o.eclipse.m2e.core.internal.Bundles - getClasspathEntries(Bundle=com.google.guava_33.3.0.jre [16])
2024-10-17 12:51:01,957 [Worker-1: Launching mavenrun-0015e3f4-2248-4cdd-b9d3-6661c36b2202] INFO  o.eclipse.m2e.core.internal.Bundles - 	Entry: /Applications/Eclipse.app/Contents/Eclipse/plugins/com.google.guava_33.3.0.jre.jar
2024-10-17 12:51:01,958 [Worker-1: Launching mavenrun-0015e3f4-2248-4cdd-b9d3-6661c36b2202] INFO  o.eclipse.m2e.core.internal.Bundles - getClasspathEntries(Bundle=slf4j.api_2.0.16 [1006])
2024-10-17 12:51:01,958 [Worker-1: Launching mavenrun-0015e3f4-2248-4cdd-b9d3-6661c36b2202] INFO  o.eclipse.m2e.core.internal.Bundles - 	Entry: /Applications/Eclipse.app/Contents/Eclipse/plugins/slf4j.api_2.0.16.jar
2024-10-17 12:51:01,958 [Worker-1: Launching mavenrun-0015e3f4-2248-4cdd-b9d3-6661c36b2202] INFO  o.eclipse.m2e.core.internal.Bundles - getClasspathEntries(Bundle=jakarta.inject.jakarta.inject-api_1.0.5 [34])
2024-10-17 12:51:01,958 [Worker-1: Launching mavenrun-0015e3f4-2248-4cdd-b9d3-6661c36b2202] INFO  o.eclipse.m2e.core.internal.Bundles - 	Entry: /Applications/Eclipse.app/Contents/Eclipse/plugins/jakarta.inject.jakarta.inject-api_1.0.5.jar
2024-10-17 12:51:01,958 [Worker-1: Launching mavenrun-0015e3f4-2248-4cdd-b9d3-6661c36b2202] INFO  o.eclipse.m2e.core.internal.Bundles - getClasspathEntries(Bundle=jakarta.annotation-api_1.3.5 [29])
2024-10-17 12:51:01,958 [Worker-1: Launching mavenrun-0015e3f4-2248-4cdd-b9d3-6661c36b2202] INFO  o.eclipse.m2e.core.internal.Bundles - 	Entry: /Applications/Eclipse.app/Contents/Eclipse/plugins/jakarta.annotation-api_1.3.5.jar
2024-10-17 12:51:01,958 [Worker-1: Launching mavenrun-0015e3f4-2248-4cdd-b9d3-6661c36b2202] INFO  o.eclipse.m2e.core.internal.Bundles - getClasspathEntries(Bundle=org.apache.commons.cli_1.9.0 [78])
2024-10-17 12:51:01,958 [Worker-1: Launching mavenrun-0015e3f4-2248-4cdd-b9d3-6661c36b2202] INFO  o.eclipse.m2e.core.internal.Bundles - 	Entry: /Applications/Eclipse.app/Contents/Eclipse/plugins/org.apache.commons.cli_1.9.0.jar
2024-10-17 12:51:01,958 [Worker-1: Launching mavenrun-0015e3f4-2248-4cdd-b9d3-6661c36b2202] INFO  o.eclipse.m2e.core.internal.Bundles - getClasspathEntries(Bundle=org.apache.commons.commons-codec_1.16.0 [81])
2024-10-17 12:51:01,958 [Worker-1: Launching mavenrun-0015e3f4-2248-4cdd-b9d3-6661c36b2202] INFO  o.eclipse.m2e.core.internal.Bundles - 	Entry: /Applications/Eclipse.app/Contents/Eclipse/plugins/org.apache.commons.commons-codec_1.16.0.jar
2024-10-17 12:51:01,958 [Worker-1: Launching mavenrun-0015e3f4-2248-4cdd-b9d3-6661c36b2202] INFO  o.eclipse.m2e.core.internal.Bundles - getClasspathEntries(Bundle=com.google.guava.failureaccess_1.0.2 [17])
2024-10-17 12:51:01,958 [Worker-1: Launching mavenrun-0015e3f4-2248-4cdd-b9d3-6661c36b2202] INFO  o.eclipse.m2e.core.internal.Bundles - 	Entry: /Applications/Eclipse.app/Contents/Eclipse/plugins/com.google.guava.failureaccess_1.0.2.jar
2024-10-17 12:51:01,973 [Worker-1: Launching mavenrun-0015e3f4-2248-4cdd-b9d3-6661c36b2202] INFO  o.e.m.i.launch.MavenLaunchDelegate - Run build in "/var/folders/pp/_qr_x5q16tl_m1yj2gm0b1cr0000gn/T/m2e-archetypeGenerator12151394963709073184":
2024-10-17 12:51:01,987 [Worker-1: Launching mavenrun-0015e3f4-2248-4cdd-b9d3-6661c36b2202] INFO  o.e.m.i.launch.MavenLaunchDelegate -  mvn  -DarchetypeGroupId=org.apache.maven.archetypes -DarchetypeArtifactId=maven-archetype-simple -DarchetypeVersion=1.5 -DgroupId=personl-project -DartifactId=my_project -Dversion=0.0.1-SNAPSHOT -Dpackage=personl_project.my_project -DoutputDirectory=/Users/happinessndubisi/Documents/obsidi/project-work-space -B -Dstyle.color=always -U archetype:generate
2024-10-17 12:51:11,172 [Worker-11: Creating maven-archetype-simple] INFO  o.e.m.c.i.p.ProjectConfigurationManager - Collecting project info '/pom.xml' /Users/happinessndubisi/Documents/obsidi/project-work-space/my_project/pom.xml
2024-10-17 12:51:12,109 [Worker-11: Creating maven-archetype-simple] INFO  o.e.m.c.i.l.LifecycleMappingFactory - Using org.eclipse.m2e.jdt.JarLifecycleMapping lifecycle mapping for MavenProject: personl-project:my_project:0.0.1-SNAPSHOT @ /Users/happinessndubisi/Documents/obsidi/project-work-space/my_project/pom.xml.
2024-10-17 12:51:12,890 [Worker-11: Creating maven-archetype-simple] INFO  o.e.m.j.i.AbstractJavaProjectConfigurator - Adding source folder /my_project/src/main/java
2024-10-17 12:51:12,896 [Worker-11: Creating maven-archetype-simple] INFO  o.e.m.j.i.AbstractJavaProjectConfigurator - Adding resource folder /my_project/src/main/resources
2024-10-17 12:51:12,901 [Worker-11: Creating maven-archetype-simple] INFO  o.e.m.j.i.AbstractJavaProjectConfigurator - Adding source folder /my_project/src/test/java
2024-10-17 12:51:12,902 [Worker-11: Creating maven-archetype-simple] INFO  o.e.m.j.i.AbstractJavaProjectConfigurator - Adding resource folder /my_project/src/test/resources
2024-10-17 12:51:13,085 [Worker-11: Creating maven-archetype-simple] INFO  o.e.m.c.i.p.ProjectConfigurationManager - Imported and configured 1 project(s) in 1 sec
2024-10-17 12:51:15,373 [Worker-46: Building] INFO  o.a.m.s.f.DefaultMavenResourcesFiltering - skip non existing resourceDirectory /Users/happinessndubisi/Documents/obsidi/project-work-space/my_project/src/main/resources
2024-10-17 12:51:15,411 [Worker-46: Building] INFO  o.a.m.s.f.DefaultMavenResourcesFiltering - skip non existing resourceDirectory /Users/happinessndubisi/Documents/obsidi/project-work-space/my_project/src/test/resources
2024-10-17 12:56:31,421 [Worker-45: Updating Maven Project] INFO  o.e.m.c.i.p.ProjectConfigurationManager - Update started
2024-10-17 12:56:31,616 [Worker-45: Updating Maven Project] INFO  o.e.m.c.i.l.LifecycleMappingFactory - Using org.eclipse.m2e.jdt.JarLifecycleMapping lifecycle mapping for MavenProject: personl-project:my_project:0.0.1-SNAPSHOT @ /Users/happinessndubisi/Documents/obsidi/project-work-space/my_project/pom.xml.
2024-10-17 12:56:31,775 [Worker-45: Updating Maven Project] INFO  o.e.m.j.i.AbstractJavaProjectConfigurator - Adding source folder /my_project/src/main/java
2024-10-17 12:56:31,777 [Worker-45: Updating Maven Project] INFO  o.e.m.j.i.AbstractJavaProjectConfigurator - Adding resource folder /my_project/src/main/resources
2024-10-17 12:56:31,777 [Worker-45: Updating Maven Project] INFO  o.e.m.j.i.AbstractJavaProjectConfigurator - Adding source folder /my_project/src/test/java
2024-10-17 12:56:31,777 [Worker-45: Updating Maven Project] INFO  o.e.m.j.i.AbstractJavaProjectConfigurator - Adding resource folder /my_project/src/test/resources
2024-10-17 12:56:31,897 [Worker-45: Updating Maven Project] INFO  o.e.m.c.i.p.ProjectConfigurationManager - Update completed for 1 poms: local refresh takes 0.00 sec, refresh facades takes 0.00 sec, update config takes 0.00 sec 
2024-10-17 12:56:32,639 [Worker-47: Building] INFO  o.a.m.s.f.DefaultMavenResourcesFiltering - skip non existing resourceDirectory /Users/happinessndubisi/Documents/obsidi/project-work-space/my_project/src/main/resources
2024-10-17 12:56:32,656 [Worker-47: Building] INFO  o.a.m.s.f.DefaultMavenResourcesFiltering - skip non existing resourceDirectory /Users/happinessndubisi/Documents/obsidi/project-work-space/my_project/src/test/resources
